<?xml version="1.0" encoding="UTF-8"?>
<!-- Generated by org.testng.reporters.JUnitXMLReporter -->
<testsuite hostname="Praveen-MacBook-Air.local" ignored="0" name="Test" tests="3" failures="1" timestamp="2019-12-19T17:42:47 IST" time="28.004" errors="0">
  <testcase name="logoPresence" time="10.184" classname="com.AllureReports.Tests1"/>
  <testcase name="loginTest" time="6.837" classname="com.AllureReports.Tests1">
    <failure type="java.lang.AssertionError" message="expected [nopCommerce demo store.] but found [nopCommerce demo store. Login]">
      <![CDATA[java.lang.AssertionError: expected [nopCommerce demo store.] but found [nopCommerce demo store. Login]
at com.AllureReports.Tests1.loginTest(Tests1.java:67)
at java.util.ArrayList.forEach(ArrayList.java:1257)
... Removed 32 stack frames]]>
    </failure>
  </testcase> <!-- loginTest -->
  <testcase name="registrationTest" time="5.011" classname="com.AllureReports.Tests1">
    <skipped/>
  </testcase> <!-- registrationTest -->
</testsuite> <!-- Test -->
