<?xml version="1.0" encoding="UTF-8"?>
<!-- Generated by org.testng.reporters.JUnitXMLReporter -->
<testsuite hostname="Praveen-MacBook-Air.local" ignored="0" name="Test" tests="3" failures="1" timestamp="2019-12-19T18:46:27 IST" time="34.377" errors="0">
  <testcase name="logoPresence" time="10.259" classname="com.AllureReports.Tests1"/>
  <testcase name="loginTest" time="9.574" classname="com.AllureReports.Tests1">
    <failure type="java.lang.AssertionError" message="expected [nopCommerce demo store.] but found [nopCommerce demo store]">
      <![CDATA[java.lang.AssertionError: expected [nopCommerce demo store.] but found [nopCommerce demo store]
at com.AllureReports.Tests1.loginTest(Tests1.java:64)
at java.util.ArrayList.forEach(ArrayList.java:1257)
... Removed 35 stack frames]]>
    </failure>
  </testcase> <!-- loginTest -->
  <testcase name="registrationTest" time="5.015" classname="com.AllureReports.Tests1">
    <skipped/>
  </testcase> <!-- registrationTest -->
</testsuite> <!-- Test -->
